2017-08-22 21:58:30 INFO  AppMain:12 - .......Hibernate Crud Operations Example.......

2017-08-22 21:58:30 INFO  AppMain:14 - 
=======CREATE RECORDS=======

2017-08-22 21:58:32 INFO  DbOperations:57 - 
Successfully Created '5' Records In The Database!

2017-08-22 21:58:32 INFO  AppMain:17 - 
=======READ RECORDS=======

2017-08-22 21:58:32 INFO  AppMain:21 - Student Details?= Id: 1, Name: Editor 101, Roll No.: 101, Course: Bachelor Of Technology
2017-08-22 21:58:32 INFO  AppMain:21 - Student Details?= Id: 2, Name: Editor 102, Roll No.: 102, Course: Bachelor Of Technology
2017-08-22 21:58:32 INFO  AppMain:21 - Student Details?= Id: 3, Name: Editor 103, Roll No.: 103, Course: Bachelor Of Technology
2017-08-22 21:58:32 INFO  AppMain:21 - Student Details?= Id: 4, Name: Editor 104, Roll No.: 104, Course: Bachelor Of Technology
2017-08-22 21:58:32 INFO  AppMain:21 - Student Details?= Id: 5, Name: Editor 105, Roll No.: 105, Course: Bachelor Of Technology
2017-08-22 21:58:32 INFO  AppMain:25 - 
=======UPDATE RECORDS=======

2017-08-22 21:58:32 INFO  DbOperations:111 - 
Student With Id?= 1 Is Successfully Updated In The Database!

2017-08-22 21:58:32 INFO  AppMain:28 - 
=======READ RECORDS AFTER UPDATION=======

2017-08-22 21:58:32 INFO  AppMain:32 - Student Details?= Id: 1, Name: Java Code Geek, Roll No.: 101, Course: Masters Of Technology
2017-08-22 21:58:32 INFO  AppMain:32 - Student Details?= Id: 2, Name: Editor 102, Roll No.: 102, Course: Bachelor Of Technology
2017-08-22 21:58:32 INFO  AppMain:32 - Student Details?= Id: 3, Name: Editor 103, Roll No.: 103, Course: Bachelor Of Technology
2017-08-22 21:58:32 INFO  AppMain:32 - Student Details?= Id: 4, Name: Editor 104, Roll No.: 104, Course: Bachelor Of Technology
2017-08-22 21:58:32 INFO  AppMain:32 - Student Details?= Id: 5, Name: Editor 105, Roll No.: 105, Course: Bachelor Of Technology
2017-08-22 21:58:32 INFO  AppMain:36 - 
=======DELETE RECORD=======

2017-08-22 21:58:32 INFO  DbOperations:139 - 
Student With Id?= 5 Is Successfully Deleted From The Database!

2017-08-22 21:58:32 INFO  AppMain:39 - 
=======READ RECORDS AFTER DELETION=======

2017-08-22 21:58:32 INFO  AppMain:42 - Student Details?= Id: 1, Name: Java Code Geek, Roll No.: 101, Course: Masters Of Technology
2017-08-22 21:58:32 INFO  AppMain:42 - Student Details?= Id: 2, Name: Editor 102, Roll No.: 102, Course: Bachelor Of Technology
2017-08-22 21:58:32 INFO  AppMain:42 - Student Details?= Id: 3, Name: Editor 103, Roll No.: 103, Course: Bachelor Of Technology
2017-08-22 21:58:32 INFO  AppMain:42 - Student Details?= Id: 4, Name: Editor 104, Roll No.: 104, Course: Bachelor Of Technology
2017-08-22 21:58:32 INFO  AppMain:45 - 
=======DELETE ALL RECORDS=======

2017-08-22 21:58:33 INFO  DbOperations:187 - 
Successfully Deleted All Records From The Database Table!

2017-08-22 21:58:33 INFO  AppMain:47 - 
=======READ RECORDS AFTER ALL RECORDS DELETION=======
2017-08-22 21:58:33 INFO  AppMain:50 - 
No Records Are Present In The Database Table!

2019-02-15 14:49:13 INFO  AppMain:12 - .......Hibernate Crud Operations Example.......

2019-02-15 14:49:13 INFO  AppMain:14 - 
=======CREATE RECORDS=======

2019-02-15 14:53:42 INFO  AppMain:12 - .......Hibernate Crud Operations Example.......

2019-02-15 14:53:42 INFO  AppMain:14 - 
=======CREATE RECORDS=======

2019-02-15 14:56:22 INFO  AppMain:12 - .......Hibernate Crud Operations Example.......

2019-02-15 14:56:22 INFO  AppMain:14 - 
=======CREATE RECORDS=======

2019-02-15 14:58:14 INFO  AppMain:12 - .......Hibernate Crud Operations Example.......

2019-02-15 14:58:14 INFO  AppMain:14 - 
=======CREATE RECORDS=======

2019-02-15 14:59:44 INFO  AppMain:12 - .......Hibernate Crud Operations Example.......

2019-02-15 14:59:44 INFO  AppMain:14 - 
=======CREATE RECORDS=======

2019-02-15 15:02:11 INFO  AppMain:12 - .......Hibernate Crud Operations Example.......

2019-02-15 15:02:11 INFO  AppMain:14 - 
=======CREATE RECORDS=======

2019-02-15 15:07:23 INFO  AppMain:12 - .......Hibernate Crud Operations Example.......

2019-02-15 15:07:23 INFO  AppMain:14 - 
=======CREATE RECORDS=======

2019-02-15 15:07:23 INFO  AppMain:17 - 
=======READ RECORDS=======

2019-02-15 15:08:21 INFO  AppMain:12 - .......Hibernate Crud Operations Example.......

2019-02-15 15:08:21 INFO  AppMain:14 - 
=======CREATE RECORDS=======

2019-02-15 15:08:21 INFO  AppMain:17 - 
=======READ RECORDS=======

2019-02-15 15:08:21 INFO  AppMain:25 - 
=======UPDATE RECORDS=======

2019-02-15 15:16:02 INFO  AppMain:12 - .......Hibernate Crud Operations Example.......

2019-02-15 15:16:02 INFO  AppMain:14 - 
=======CREATE RECORDS=======

2019-02-15 15:20:32 INFO  AppMain:12 - .......Hibernate Crud Operations Example.......

2019-02-15 15:20:32 INFO  AppMain:14 - 
=======CREATE RECORDS=======

2019-02-15 15:22:18 INFO  AppMain:12 - .......Hibernate Crud Operations Example.......

2019-02-15 15:22:18 INFO  AppMain:14 - 
=======CREATE RECORDS=======

2019-02-15 15:22:49 INFO  AppMain:12 - .......Hibernate Crud Operations Example.......

2019-02-15 15:22:49 INFO  AppMain:14 - 
=======CREATE RECORDS=======

2019-02-15 15:23:27 INFO  AppMain:12 - .......Hibernate Crud Operations Example.......

2019-02-15 15:23:27 INFO  AppMain:14 - 
=======CREATE RECORDS=======

2019-02-15 15:38:58 INFO  AppMain:12 - .......Hibernate Crud Operations Example.......

2019-02-15 15:38:58 INFO  AppMain:14 - 
=======CREATE RECORDS=======

2019-02-15 15:38:59 INFO  DbOperations:62 - 
.......Transaction Is Being Rolled Back.......

2019-02-15 15:41:01 INFO  AppMain:12 - .......Hibernate Crud Operations Example.......

2019-02-15 15:41:01 INFO  AppMain:14 - 
=======CREATE RECORDS=======

2019-02-15 15:41:03 INFO  DbOperations:62 - 
.......Transaction Is Being Rolled Back.......

2019-02-15 15:43:31 INFO  AppMain:12 - .......Hibernate Crud Operations Example.......

2019-02-15 15:43:31 INFO  AppMain:14 - 
=======CREATE RECORDS=======

2019-02-15 15:43:33 INFO  DbOperations:58 - 
Successfully Created '5' Records In The Database!

2019-02-15 15:43:33 INFO  AppMain:17 - 
=======READ RECORDS=======

2019-02-15 15:43:33 INFO  AppMain:21 - Student Details?= Id: 2, Name: Editor 101, Roll No.: 101, Course: Bachelor Of Technology
2019-02-15 15:43:33 INFO  AppMain:21 - Student Details?= Id: 4, Name: Editor 101, Roll No.: 101, Course: Bachelor Of Technology
2019-02-15 15:43:33 INFO  AppMain:21 - Student Details?= Id: 6, Name: Editor 101, Roll No.: 101, Course: Bachelor Of Technology
2019-02-15 15:43:33 INFO  AppMain:21 - Student Details?= Id: 7, Name: Editor 102, Roll No.: 102, Course: Bachelor Of Technology
2019-02-15 15:43:33 INFO  AppMain:21 - Student Details?= Id: 8, Name: Editor 103, Roll No.: 103, Course: Bachelor Of Technology
2019-02-15 15:43:33 INFO  AppMain:21 - Student Details?= Id: 9, Name: Editor 104, Roll No.: 104, Course: Bachelor Of Technology
2019-02-15 15:43:33 INFO  AppMain:21 - Student Details?= Id: 10, Name: Editor 105, Roll No.: 105, Course: Bachelor Of Technology
2019-02-15 15:43:33 INFO  AppMain:25 - 
=======UPDATE RECORDS=======

2019-02-15 15:43:33 INFO  DbOperations:115 - 
.......Transaction Is Being Rolled Back.......

2019-02-15 15:43:33 INFO  AppMain:28 - 
=======READ RECORDS AFTER UPDATION=======

2019-02-15 15:43:33 INFO  AppMain:32 - Student Details?= Id: 2, Name: Editor 101, Roll No.: 101, Course: Bachelor Of Technology
2019-02-15 15:43:33 INFO  AppMain:32 - Student Details?= Id: 4, Name: Editor 101, Roll No.: 101, Course: Bachelor Of Technology
2019-02-15 15:43:33 INFO  AppMain:32 - Student Details?= Id: 6, Name: Editor 101, Roll No.: 101, Course: Bachelor Of Technology
2019-02-15 15:43:33 INFO  AppMain:32 - Student Details?= Id: 7, Name: Editor 102, Roll No.: 102, Course: Bachelor Of Technology
2019-02-15 15:43:33 INFO  AppMain:32 - Student Details?= Id: 8, Name: Editor 103, Roll No.: 103, Course: Bachelor Of Technology
2019-02-15 15:43:33 INFO  AppMain:32 - Student Details?= Id: 9, Name: Editor 104, Roll No.: 104, Course: Bachelor Of Technology
2019-02-15 15:43:33 INFO  AppMain:32 - Student Details?= Id: 10, Name: Editor 105, Roll No.: 105, Course: Bachelor Of Technology
2019-02-15 15:43:33 INFO  AppMain:36 - 
=======DELETE RECORD=======

2019-02-15 15:43:33 INFO  DbOperations:142 - 
.......Transaction Is Being Rolled Back.......

2019-02-15 15:43:33 INFO  AppMain:39 - 
=======READ RECORDS AFTER DELETION=======

2019-02-15 15:43:33 INFO  AppMain:42 - Student Details?= Id: 2, Name: Editor 101, Roll No.: 101, Course: Bachelor Of Technology
2019-02-15 15:43:33 INFO  AppMain:42 - Student Details?= Id: 4, Name: Editor 101, Roll No.: 101, Course: Bachelor Of Technology
2019-02-15 15:43:33 INFO  AppMain:42 - Student Details?= Id: 6, Name: Editor 101, Roll No.: 101, Course: Bachelor Of Technology
2019-02-15 15:43:33 INFO  AppMain:42 - Student Details?= Id: 7, Name: Editor 102, Roll No.: 102, Course: Bachelor Of Technology
2019-02-15 15:43:33 INFO  AppMain:42 - Student Details?= Id: 8, Name: Editor 103, Roll No.: 103, Course: Bachelor Of Technology
2019-02-15 15:43:33 INFO  AppMain:42 - Student Details?= Id: 9, Name: Editor 104, Roll No.: 104, Course: Bachelor Of Technology
2019-02-15 15:43:33 INFO  AppMain:42 - Student Details?= Id: 10, Name: Editor 105, Roll No.: 105, Course: Bachelor Of Technology
2019-02-15 15:43:33 INFO  AppMain:45 - 
=======DELETE ALL RECORDS=======

2019-02-15 15:43:33 INFO  DbOperations:186 - 
Successfully Deleted All Records From The Database Table!

2019-02-15 15:43:33 INFO  AppMain:47 - 
=======READ RECORDS AFTER ALL RECORDS DELETION=======
2019-02-15 15:43:33 INFO  AppMain:50 - 
No Records Are Present In The Database Table!

2019-02-15 15:54:45 INFO  AppMain:12 - .......Hibernate Crud Operations Example.......

2019-02-15 15:54:45 INFO  AppMain:14 - 
=======CREATE RECORDS=======

2019-02-15 15:54:47 INFO  DbOperations:61 - 
.......Transaction Is Being Rolled Back.......

2019-02-15 15:54:47 INFO  AppMain:17 - 
=======READ RECORDS=======

2019-02-15 15:54:47 INFO  DbOperations:85 - 
.......Transaction Is Being Rolled Back.......

2019-02-15 15:54:47 INFO  AppMain:25 - 
=======UPDATE RECORDS=======

2019-02-15 15:54:48 INFO  DbOperations:115 - 
.......Transaction Is Being Rolled Back.......

2019-02-15 15:54:48 INFO  AppMain:28 - 
=======READ RECORDS AFTER UPDATION=======

2019-02-15 15:54:48 INFO  DbOperations:85 - 
.......Transaction Is Being Rolled Back.......

2019-02-15 15:54:48 INFO  AppMain:36 - 
=======DELETE RECORD=======

2019-02-15 15:54:48 INFO  DbOperations:165 - 
.......Transaction Is Being Rolled Back.......

2019-02-15 15:54:48 INFO  DbOperations:142 - 
.......Transaction Is Being Rolled Back.......

2019-02-15 15:54:48 INFO  AppMain:39 - 
=======READ RECORDS AFTER DELETION=======

2019-02-15 15:54:48 INFO  DbOperations:85 - 
.......Transaction Is Being Rolled Back.......

2019-02-15 15:54:48 INFO  AppMain:45 - 
=======DELETE ALL RECORDS=======

2019-02-15 15:54:48 INFO  DbOperations:189 - 
.......Transaction Is Being Rolled Back.......

2019-02-15 15:54:48 INFO  AppMain:47 - 
=======READ RECORDS AFTER ALL RECORDS DELETION=======
2019-02-15 15:54:48 INFO  DbOperations:85 - 
.......Transaction Is Being Rolled Back.......

2019-02-15 15:54:48 INFO  AppMain:50 - 
No Records Are Present In The Database Table!

2019-02-15 15:59:13 INFO  AppMain:12 - .......Hibernate Crud Operations Example.......

2019-02-15 15:59:13 INFO  AppMain:14 - 
=======CREATE RECORDS=======

2019-02-15 15:59:15 INFO  DbOperations:58 - 
Successfully Created '5' Records In The Database!

2019-02-15 15:59:15 INFO  AppMain:17 - 
=======READ RECORDS=======

2019-02-15 15:59:15 INFO  AppMain:21 - Student Details?= Id: 11, Name: Editor 101, Roll No.: 101, Course: Bachelor Of Technology
2019-02-15 15:59:15 INFO  AppMain:21 - Student Details?= Id: 12, Name: Editor 102, Roll No.: 102, Course: Bachelor Of Technology
2019-02-15 15:59:15 INFO  AppMain:21 - Student Details?= Id: 13, Name: Editor 103, Roll No.: 103, Course: Bachelor Of Technology
2019-02-15 15:59:15 INFO  AppMain:21 - Student Details?= Id: 14, Name: Editor 104, Roll No.: 104, Course: Bachelor Of Technology
2019-02-15 15:59:15 INFO  AppMain:21 - Student Details?= Id: 15, Name: Editor 105, Roll No.: 105, Course: Bachelor Of Technology
2019-02-15 15:59:15 INFO  AppMain:25 - 
=======UPDATE RECORDS=======

2019-02-15 15:59:15 INFO  DbOperations:115 - 
.......Transaction Is Being Rolled Back.......

2019-02-15 15:59:15 INFO  AppMain:28 - 
=======READ RECORDS AFTER UPDATION=======

2019-02-15 15:59:15 INFO  AppMain:32 - Student Details?= Id: 11, Name: Editor 101, Roll No.: 101, Course: Bachelor Of Technology
2019-02-15 15:59:15 INFO  AppMain:32 - Student Details?= Id: 12, Name: Editor 102, Roll No.: 102, Course: Bachelor Of Technology
2019-02-15 15:59:15 INFO  AppMain:32 - Student Details?= Id: 13, Name: Editor 103, Roll No.: 103, Course: Bachelor Of Technology
2019-02-15 15:59:15 INFO  AppMain:32 - Student Details?= Id: 14, Name: Editor 104, Roll No.: 104, Course: Bachelor Of Technology
2019-02-15 15:59:15 INFO  AppMain:32 - Student Details?= Id: 15, Name: Editor 105, Roll No.: 105, Course: Bachelor Of Technology
2019-02-15 15:59:15 INFO  AppMain:36 - 
=======DELETE RECORD=======

2019-02-15 15:59:15 INFO  DbOperations:142 - 
.......Transaction Is Being Rolled Back.......

2019-02-15 15:59:15 INFO  AppMain:39 - 
=======READ RECORDS AFTER DELETION=======

2019-02-15 15:59:15 INFO  AppMain:42 - Student Details?= Id: 11, Name: Editor 101, Roll No.: 101, Course: Bachelor Of Technology
2019-02-15 15:59:15 INFO  AppMain:42 - Student Details?= Id: 12, Name: Editor 102, Roll No.: 102, Course: Bachelor Of Technology
2019-02-15 15:59:15 INFO  AppMain:42 - Student Details?= Id: 13, Name: Editor 103, Roll No.: 103, Course: Bachelor Of Technology
2019-02-15 15:59:15 INFO  AppMain:42 - Student Details?= Id: 14, Name: Editor 104, Roll No.: 104, Course: Bachelor Of Technology
2019-02-15 15:59:15 INFO  AppMain:42 - Student Details?= Id: 15, Name: Editor 105, Roll No.: 105, Course: Bachelor Of Technology
2019-02-15 15:59:15 INFO  AppMain:45 - 
=======DELETE ALL RECORDS=======

2019-02-15 15:59:15 INFO  DbOperations:186 - 
Successfully Deleted All Records From The Database Table!

2019-02-15 15:59:15 INFO  AppMain:47 - 
=======READ RECORDS AFTER ALL RECORDS DELETION=======
2019-02-15 15:59:15 INFO  AppMain:50 - 
No Records Are Present In The Database Table!

2019-02-15 16:25:57 INFO  AppMain:12 - .......Hibernate Crud Operations Example.......

2019-02-15 16:25:57 INFO  AppMain:14 - 
=======CREATE RECORDS=======

2019-02-15 16:25:58 INFO  DbOperations:58 - 
Successfully Created '5' Records In The Database!

2019-02-15 16:25:58 INFO  AppMain:17 - 
=======READ RECORDS=======

2019-02-15 16:25:58 INFO  AppMain:21 - Student Details?= Id: 16, Name: Editor 101, Roll No.: 101, Course: Bachelor Of Technology
2019-02-15 16:25:58 INFO  AppMain:21 - Student Details?= Id: 17, Name: Editor 102, Roll No.: 102, Course: Bachelor Of Technology
2019-02-15 16:25:58 INFO  AppMain:21 - Student Details?= Id: 18, Name: Editor 103, Roll No.: 103, Course: Bachelor Of Technology
2019-02-15 16:25:58 INFO  AppMain:21 - Student Details?= Id: 19, Name: Editor 104, Roll No.: 104, Course: Bachelor Of Technology
2019-02-15 16:25:58 INFO  AppMain:21 - Student Details?= Id: 20, Name: Editor 105, Roll No.: 105, Course: Bachelor Of Technology
2019-02-15 16:25:58 INFO  AppMain:25 - 
=======UPDATE RECORDS=======

2019-02-15 16:25:58 INFO  DbOperations:115 - 
.......Transaction Is Being Rolled Back.......

2019-02-15 16:25:58 INFO  AppMain:28 - 
=======READ RECORDS AFTER UPDATION=======

2019-02-15 16:25:58 INFO  AppMain:32 - Student Details?= Id: 16, Name: Editor 101, Roll No.: 101, Course: Bachelor Of Technology
2019-02-15 16:25:58 INFO  AppMain:32 - Student Details?= Id: 17, Name: Editor 102, Roll No.: 102, Course: Bachelor Of Technology
2019-02-15 16:25:58 INFO  AppMain:32 - Student Details?= Id: 18, Name: Editor 103, Roll No.: 103, Course: Bachelor Of Technology
2019-02-15 16:25:58 INFO  AppMain:32 - Student Details?= Id: 19, Name: Editor 104, Roll No.: 104, Course: Bachelor Of Technology
2019-02-15 16:25:58 INFO  AppMain:32 - Student Details?= Id: 20, Name: Editor 105, Roll No.: 105, Course: Bachelor Of Technology
2019-02-15 16:25:58 INFO  AppMain:36 - 
=======DELETE RECORD=======

2019-02-15 16:25:58 INFO  AppMain:39 - 
=======READ RECORDS AFTER DELETION=======

2019-02-15 16:25:58 INFO  AppMain:42 - Student Details?= Id: 16, Name: Editor 101, Roll No.: 101, Course: Bachelor Of Technology
2019-02-15 16:25:58 INFO  AppMain:42 - Student Details?= Id: 17, Name: Editor 102, Roll No.: 102, Course: Bachelor Of Technology
2019-02-15 16:25:58 INFO  AppMain:42 - Student Details?= Id: 18, Name: Editor 103, Roll No.: 103, Course: Bachelor Of Technology
2019-02-15 16:25:58 INFO  AppMain:42 - Student Details?= Id: 19, Name: Editor 104, Roll No.: 104, Course: Bachelor Of Technology
2019-02-15 16:25:58 INFO  AppMain:42 - Student Details?= Id: 20, Name: Editor 105, Roll No.: 105, Course: Bachelor Of Technology
2019-02-15 16:25:58 INFO  AppMain:45 - 
=======DELETE ALL RECORDS=======

2019-02-15 16:25:58 INFO  DbOperations:186 - 
Successfully Deleted All Records From The Database Table!

2019-02-15 16:25:58 INFO  AppMain:47 - 
=======READ RECORDS AFTER ALL RECORDS DELETION=======
2019-02-15 16:25:58 INFO  AppMain:50 - 
No Records Are Present In The Database Table!

2019-02-15 16:27:41 INFO  AppMain:12 - .......Hibernate Crud Operations Example.......

2019-02-15 16:27:41 INFO  AppMain:14 - 
=======CREATE RECORDS=======

2019-02-15 16:27:42 INFO  DbOperations:58 - 
Successfully Created '5' Records In The Database!

2019-02-15 16:27:42 INFO  AppMain:17 - 
=======READ RECORDS=======

2019-02-15 16:27:43 INFO  AppMain:21 - Student Details?= Id: 21, Name: Editor 101, Roll No.: 101, Course: Bachelor Of Technology
2019-02-15 16:27:43 INFO  AppMain:21 - Student Details?= Id: 22, Name: Editor 102, Roll No.: 102, Course: Bachelor Of Technology
2019-02-15 16:27:43 INFO  AppMain:21 - Student Details?= Id: 23, Name: Editor 103, Roll No.: 103, Course: Bachelor Of Technology
2019-02-15 16:27:43 INFO  AppMain:21 - Student Details?= Id: 24, Name: Editor 104, Roll No.: 104, Course: Bachelor Of Technology
2019-02-15 16:27:43 INFO  AppMain:21 - Student Details?= Id: 25, Name: Editor 105, Roll No.: 105, Course: Bachelor Of Technology
2019-02-15 16:27:43 INFO  AppMain:25 - 
=======UPDATE RECORDS=======

2019-02-15 16:27:43 INFO  DbOperations:115 - 
.......Transaction Is Being Rolled Back.......

2019-02-15 16:27:43 INFO  AppMain:28 - 
=======READ RECORDS AFTER UPDATION=======

2019-02-15 16:27:43 INFO  AppMain:32 - Student Details?= Id: 21, Name: Editor 101, Roll No.: 101, Course: Bachelor Of Technology
2019-02-15 16:27:43 INFO  AppMain:32 - Student Details?= Id: 22, Name: Editor 102, Roll No.: 102, Course: Bachelor Of Technology
2019-02-15 16:27:43 INFO  AppMain:32 - Student Details?= Id: 23, Name: Editor 103, Roll No.: 103, Course: Bachelor Of Technology
2019-02-15 16:27:43 INFO  AppMain:32 - Student Details?= Id: 24, Name: Editor 104, Roll No.: 104, Course: Bachelor Of Technology
2019-02-15 16:27:43 INFO  AppMain:32 - Student Details?= Id: 25, Name: Editor 105, Roll No.: 105, Course: Bachelor Of Technology
2019-02-15 16:27:43 INFO  AppMain:36 - 
=======DELETE RECORD=======

2019-02-15 16:27:43 INFO  AppMain:39 - 
=======READ RECORDS AFTER DELETION=======

2019-02-15 16:27:43 INFO  AppMain:42 - Student Details?= Id: 21, Name: Editor 101, Roll No.: 101, Course: Bachelor Of Technology
2019-02-15 16:27:43 INFO  AppMain:42 - Student Details?= Id: 22, Name: Editor 102, Roll No.: 102, Course: Bachelor Of Technology
2019-02-15 16:27:43 INFO  AppMain:42 - Student Details?= Id: 23, Name: Editor 103, Roll No.: 103, Course: Bachelor Of Technology
2019-02-15 16:27:43 INFO  AppMain:42 - Student Details?= Id: 24, Name: Editor 104, Roll No.: 104, Course: Bachelor Of Technology
2019-02-15 16:27:43 INFO  AppMain:42 - Student Details?= Id: 25, Name: Editor 105, Roll No.: 105, Course: Bachelor Of Technology
2019-02-15 16:27:43 INFO  AppMain:45 - 
=======DELETE ALL RECORDS=======

2019-02-15 16:27:43 INFO  AppMain:47 - 
=======READ RECORDS AFTER ALL RECORDS DELETION=======
2019-02-15 18:11:24 INFO  AppMain:12 - .......Hibernate Crud Operations Example.......

2019-02-15 18:11:24 INFO  AppMain:14 - 
=======CREATE RECORDS=======

2019-02-15 18:11:25 INFO  DbOperations:58 - 
Successfully Created '5' Records In The Database!

2019-02-15 18:11:25 INFO  AppMain:17 - 
=======READ RECORDS=======

2019-02-15 18:11:25 INFO  AppMain:21 - Student Details?= Id: 21, Name: Editor 101, Roll No.: 101, Course: Bachelor Of Technology
2019-02-15 18:11:25 INFO  AppMain:21 - Student Details?= Id: 22, Name: Editor 102, Roll No.: 102, Course: Bachelor Of Technology
2019-02-15 18:11:25 INFO  AppMain:21 - Student Details?= Id: 23, Name: Editor 103, Roll No.: 103, Course: Bachelor Of Technology
2019-02-15 18:11:25 INFO  AppMain:21 - Student Details?= Id: 24, Name: Editor 104, Roll No.: 104, Course: Bachelor Of Technology
2019-02-15 18:11:25 INFO  AppMain:21 - Student Details?= Id: 25, Name: Editor 105, Roll No.: 105, Course: Bachelor Of Technology
2019-02-15 18:11:25 INFO  AppMain:21 - Student Details?= Id: 26, Name: Editor 101, Roll No.: 101, Course: Bachelor Of Technology
2019-02-15 18:11:25 INFO  AppMain:21 - Student Details?= Id: 27, Name: Editor 102, Roll No.: 102, Course: Bachelor Of Technology
2019-02-15 18:11:25 INFO  AppMain:21 - Student Details?= Id: 28, Name: Editor 103, Roll No.: 103, Course: Bachelor Of Technology
2019-02-15 18:11:25 INFO  AppMain:21 - Student Details?= Id: 29, Name: Editor 104, Roll No.: 104, Course: Bachelor Of Technology
2019-02-15 18:11:25 INFO  AppMain:21 - Student Details?= Id: 30, Name: Editor 105, Roll No.: 105, Course: Bachelor Of Technology
2019-02-15 18:11:25 INFO  AppMain:25 - 
=======UPDATE RECORDS=======

2019-02-15 18:11:40 INFO  DbOperations:115 - 
.......Transaction Is Being Rolled Back.......

2019-02-15 18:11:40 INFO  AppMain:28 - 
=======READ RECORDS AFTER UPDATION=======

2019-02-15 18:11:40 INFO  AppMain:32 - Student Details?= Id: 21, Name: Editor 101, Roll No.: 101, Course: Bachelor Of Technology
2019-02-15 18:11:40 INFO  AppMain:32 - Student Details?= Id: 22, Name: Editor 102, Roll No.: 102, Course: Bachelor Of Technology
2019-02-15 18:11:40 INFO  AppMain:32 - Student Details?= Id: 23, Name: Editor 103, Roll No.: 103, Course: Bachelor Of Technology
2019-02-15 18:11:40 INFO  AppMain:32 - Student Details?= Id: 24, Name: Editor 104, Roll No.: 104, Course: Bachelor Of Technology
2019-02-15 18:11:40 INFO  AppMain:32 - Student Details?= Id: 25, Name: Editor 105, Roll No.: 105, Course: Bachelor Of Technology
2019-02-15 18:11:40 INFO  AppMain:32 - Student Details?= Id: 26, Name: Editor 101, Roll No.: 101, Course: Bachelor Of Technology
2019-02-15 18:11:40 INFO  AppMain:32 - Student Details?= Id: 27, Name: Editor 102, Roll No.: 102, Course: Bachelor Of Technology
2019-02-15 18:11:40 INFO  AppMain:32 - Student Details?= Id: 28, Name: Editor 103, Roll No.: 103, Course: Bachelor Of Technology
2019-02-15 18:11:40 INFO  AppMain:32 - Student Details?= Id: 29, Name: Editor 104, Roll No.: 104, Course: Bachelor Of Technology
2019-02-15 18:11:40 INFO  AppMain:32 - Student Details?= Id: 30, Name: Editor 105, Roll No.: 105, Course: Bachelor Of Technology
2019-02-15 18:11:40 INFO  AppMain:36 - 
=======DELETE RECORD=======

2019-02-15 18:11:40 INFO  AppMain:39 - 
=======READ RECORDS AFTER DELETION=======

2019-02-15 18:11:40 INFO  AppMain:42 - Student Details?= Id: 21, Name: Editor 101, Roll No.: 101, Course: Bachelor Of Technology
2019-02-15 18:11:40 INFO  AppMain:42 - Student Details?= Id: 22, Name: Editor 102, Roll No.: 102, Course: Bachelor Of Technology
2019-02-15 18:11:40 INFO  AppMain:42 - Student Details?= Id: 23, Name: Editor 103, Roll No.: 103, Course: Bachelor Of Technology
2019-02-15 18:11:40 INFO  AppMain:42 - Student Details?= Id: 24, Name: Editor 104, Roll No.: 104, Course: Bachelor Of Technology
2019-02-15 18:11:40 INFO  AppMain:42 - Student Details?= Id: 25, Name: Editor 105, Roll No.: 105, Course: Bachelor Of Technology
2019-02-15 18:11:40 INFO  AppMain:42 - Student Details?= Id: 26, Name: Editor 101, Roll No.: 101, Course: Bachelor Of Technology
2019-02-15 18:11:40 INFO  AppMain:42 - Student Details?= Id: 27, Name: Editor 102, Roll No.: 102, Course: Bachelor Of Technology
2019-02-15 18:11:40 INFO  AppMain:42 - Student Details?= Id: 28, Name: Editor 103, Roll No.: 103, Course: Bachelor Of Technology
2019-02-15 18:11:40 INFO  AppMain:42 - Student Details?= Id: 29, Name: Editor 104, Roll No.: 104, Course: Bachelor Of Technology
2019-02-15 18:11:40 INFO  AppMain:42 - Student Details?= Id: 30, Name: Editor 105, Roll No.: 105, Course: Bachelor Of Technology
2019-02-15 18:11:40 INFO  AppMain:45 - 
=======DELETE ALL RECORDS=======

2019-02-15 18:11:40 INFO  AppMain:47 - 
=======READ RECORDS AFTER ALL RECORDS DELETION=======
2019-02-15 18:11:55 INFO  AppMain:12 - .......Hibernate Crud Operations Example.......

2019-02-15 18:11:55 INFO  AppMain:14 - 
=======CREATE RECORDS=======

2019-02-15 18:11:57 INFO  DbOperations:58 - 
Successfully Created '5' Records In The Database!

2019-02-15 18:11:57 INFO  AppMain:17 - 
=======READ RECORDS=======

2019-02-15 18:11:57 INFO  AppMain:21 - Student Details?= Id: 21, Name: Editor 101, Roll No.: 101, Course: Bachelor Of Technology
2019-02-15 18:11:57 INFO  AppMain:21 - Student Details?= Id: 22, Name: Editor 102, Roll No.: 102, Course: Bachelor Of Technology
2019-02-15 18:11:57 INFO  AppMain:21 - Student Details?= Id: 23, Name: Editor 103, Roll No.: 103, Course: Bachelor Of Technology
2019-02-15 18:11:57 INFO  AppMain:21 - Student Details?= Id: 24, Name: Editor 104, Roll No.: 104, Course: Bachelor Of Technology
2019-02-15 18:11:57 INFO  AppMain:21 - Student Details?= Id: 25, Name: Editor 105, Roll No.: 105, Course: Bachelor Of Technology
2019-02-15 18:11:57 INFO  AppMain:21 - Student Details?= Id: 26, Name: Editor 101, Roll No.: 101, Course: Bachelor Of Technology
2019-02-15 18:11:57 INFO  AppMain:21 - Student Details?= Id: 27, Name: Editor 102, Roll No.: 102, Course: Bachelor Of Technology
2019-02-15 18:11:57 INFO  AppMain:21 - Student Details?= Id: 28, Name: Editor 103, Roll No.: 103, Course: Bachelor Of Technology
2019-02-15 18:11:57 INFO  AppMain:21 - Student Details?= Id: 29, Name: Editor 104, Roll No.: 104, Course: Bachelor Of Technology
2019-02-15 18:11:57 INFO  AppMain:21 - Student Details?= Id: 30, Name: Editor 105, Roll No.: 105, Course: Bachelor Of Technology
2019-02-15 18:11:57 INFO  AppMain:21 - Student Details?= Id: 31, Name: Editor 101, Roll No.: 101, Course: Bachelor Of Technology
2019-02-15 18:11:57 INFO  AppMain:21 - Student Details?= Id: 32, Name: Editor 102, Roll No.: 102, Course: Bachelor Of Technology
2019-02-15 18:11:57 INFO  AppMain:21 - Student Details?= Id: 33, Name: Editor 103, Roll No.: 103, Course: Bachelor Of Technology
2019-02-15 18:11:57 INFO  AppMain:21 - Student Details?= Id: 34, Name: Editor 104, Roll No.: 104, Course: Bachelor Of Technology
2019-02-15 18:11:57 INFO  AppMain:21 - Student Details?= Id: 35, Name: Editor 105, Roll No.: 105, Course: Bachelor Of Technology
2019-02-15 18:11:57 INFO  AppMain:25 - 
=======UPDATE RECORDS=======

2019-02-15 18:15:21 INFO  DbOperations:115 - 
.......Transaction Is Being Rolled Back.......

2019-02-15 18:15:21 INFO  AppMain:28 - 
=======READ RECORDS AFTER UPDATION=======

2019-02-15 18:15:21 INFO  AppMain:32 - Student Details?= Id: 21, Name: Editor 101, Roll No.: 101, Course: Bachelor Of Technology
2019-02-15 18:15:21 INFO  AppMain:32 - Student Details?= Id: 22, Name: Editor 102, Roll No.: 102, Course: Bachelor Of Technology
2019-02-15 18:15:21 INFO  AppMain:32 - Student Details?= Id: 23, Name: Editor 103, Roll No.: 103, Course: Bachelor Of Technology
2019-02-15 18:15:21 INFO  AppMain:32 - Student Details?= Id: 24, Name: Editor 104, Roll No.: 104, Course: Bachelor Of Technology
2019-02-15 18:15:21 INFO  AppMain:32 - Student Details?= Id: 25, Name: Editor 105, Roll No.: 105, Course: Bachelor Of Technology
2019-02-15 18:15:21 INFO  AppMain:32 - Student Details?= Id: 26, Name: Editor 101, Roll No.: 101, Course: Bachelor Of Technology
2019-02-15 18:15:21 INFO  AppMain:32 - Student Details?= Id: 27, Name: Editor 102, Roll No.: 102, Course: Bachelor Of Technology
2019-02-15 18:15:21 INFO  AppMain:32 - Student Details?= Id: 28, Name: Editor 103, Roll No.: 103, Course: Bachelor Of Technology
2019-02-15 18:15:21 INFO  AppMain:32 - Student Details?= Id: 29, Name: Editor 104, Roll No.: 104, Course: Bachelor Of Technology
2019-02-15 18:15:21 INFO  AppMain:32 - Student Details?= Id: 30, Name: Editor 105, Roll No.: 105, Course: Bachelor Of Technology
2019-02-15 18:15:21 INFO  AppMain:32 - Student Details?= Id: 31, Name: Editor 101, Roll No.: 101, Course: Bachelor Of Technology
2019-02-15 18:15:21 INFO  AppMain:32 - Student Details?= Id: 32, Name: Editor 102, Roll No.: 102, Course: Bachelor Of Technology
2019-02-15 18:15:21 INFO  AppMain:32 - Student Details?= Id: 33, Name: Editor 103, Roll No.: 103, Course: Bachelor Of Technology
2019-02-15 18:15:21 INFO  AppMain:32 - Student Details?= Id: 34, Name: Editor 104, Roll No.: 104, Course: Bachelor Of Technology
2019-02-15 18:15:21 INFO  AppMain:32 - Student Details?= Id: 35, Name: Editor 105, Roll No.: 105, Course: Bachelor Of Technology
2019-02-15 18:15:21 INFO  AppMain:36 - 
=======DELETE RECORD=======

2019-02-15 18:15:21 INFO  AppMain:39 - 
=======READ RECORDS AFTER DELETION=======

2019-02-15 18:15:21 INFO  AppMain:42 - Student Details?= Id: 21, Name: Editor 101, Roll No.: 101, Course: Bachelor Of Technology
2019-02-15 18:15:21 INFO  AppMain:42 - Student Details?= Id: 22, Name: Editor 102, Roll No.: 102, Course: Bachelor Of Technology
2019-02-15 18:15:21 INFO  AppMain:42 - Student Details?= Id: 23, Name: Editor 103, Roll No.: 103, Course: Bachelor Of Technology
2019-02-15 18:15:21 INFO  AppMain:42 - Student Details?= Id: 24, Name: Editor 104, Roll No.: 104, Course: Bachelor Of Technology
2019-02-15 18:15:21 INFO  AppMain:42 - Student Details?= Id: 25, Name: Editor 105, Roll No.: 105, Course: Bachelor Of Technology
2019-02-15 18:15:21 INFO  AppMain:42 - Student Details?= Id: 26, Name: Editor 101, Roll No.: 101, Course: Bachelor Of Technology
2019-02-15 18:15:21 INFO  AppMain:42 - Student Details?= Id: 27, Name: Editor 102, Roll No.: 102, Course: Bachelor Of Technology
2019-02-15 18:15:21 INFO  AppMain:42 - Student Details?= Id: 28, Name: Editor 103, Roll No.: 103, Course: Bachelor Of Technology
2019-02-15 18:15:21 INFO  AppMain:42 - Student Details?= Id: 29, Name: Editor 104, Roll No.: 104, Course: Bachelor Of Technology
2019-02-15 18:15:21 INFO  AppMain:42 - Student Details?= Id: 30, Name: Editor 105, Roll No.: 105, Course: Bachelor Of Technology
2019-02-15 18:15:21 INFO  AppMain:42 - Student Details?= Id: 31, Name: Editor 101, Roll No.: 101, Course: Bachelor Of Technology
2019-02-15 18:15:21 INFO  AppMain:42 - Student Details?= Id: 32, Name: Editor 102, Roll No.: 102, Course: Bachelor Of Technology
2019-02-15 18:15:21 INFO  AppMain:42 - Student Details?= Id: 33, Name: Editor 103, Roll No.: 103, Course: Bachelor Of Technology
2019-02-15 18:15:21 INFO  AppMain:42 - Student Details?= Id: 34, Name: Editor 104, Roll No.: 104, Course: Bachelor Of Technology
2019-02-15 18:15:21 INFO  AppMain:42 - Student Details?= Id: 35, Name: Editor 105, Roll No.: 105, Course: Bachelor Of Technology
2019-02-15 18:15:21 INFO  AppMain:45 - 
=======DELETE ALL RECORDS=======

2019-02-15 18:15:21 INFO  AppMain:47 - 
=======READ RECORDS AFTER ALL RECORDS DELETION=======
2019-02-15 18:15:33 INFO  AppMain:12 - .......Hibernate Crud Operations Example.......

2019-02-15 18:15:33 INFO  AppMain:14 - 
=======CREATE RECORDS=======

2019-02-15 18:15:35 INFO  DbOperations:58 - 
Successfully Created '5' Records In The Database!

2019-02-15 18:15:35 INFO  AppMain:17 - 
=======READ RECORDS=======

2019-02-15 18:15:35 INFO  AppMain:21 - Student Details?= Id: 21, Name: Editor 101, Roll No.: 101, Course: Bachelor Of Technology
2019-02-15 18:15:35 INFO  AppMain:21 - Student Details?= Id: 22, Name: Editor 102, Roll No.: 102, Course: Bachelor Of Technology
2019-02-15 18:15:35 INFO  AppMain:21 - Student Details?= Id: 23, Name: Editor 103, Roll No.: 103, Course: Bachelor Of Technology
2019-02-15 18:15:35 INFO  AppMain:21 - Student Details?= Id: 24, Name: Editor 104, Roll No.: 104, Course: Bachelor Of Technology
2019-02-15 18:15:35 INFO  AppMain:21 - Student Details?= Id: 25, Name: Editor 105, Roll No.: 105, Course: Bachelor Of Technology
2019-02-15 18:15:35 INFO  AppMain:21 - Student Details?= Id: 26, Name: Editor 101, Roll No.: 101, Course: Bachelor Of Technology
2019-02-15 18:15:35 INFO  AppMain:21 - Student Details?= Id: 27, Name: Editor 102, Roll No.: 102, Course: Bachelor Of Technology
2019-02-15 18:15:35 INFO  AppMain:21 - Student Details?= Id: 28, Name: Editor 103, Roll No.: 103, Course: Bachelor Of Technology
2019-02-15 18:15:35 INFO  AppMain:21 - Student Details?= Id: 29, Name: Editor 104, Roll No.: 104, Course: Bachelor Of Technology
2019-02-15 18:15:35 INFO  AppMain:21 - Student Details?= Id: 30, Name: Editor 105, Roll No.: 105, Course: Bachelor Of Technology
2019-02-15 18:15:35 INFO  AppMain:21 - Student Details?= Id: 31, Name: Editor 101, Roll No.: 101, Course: Bachelor Of Technology
2019-02-15 18:15:35 INFO  AppMain:21 - Student Details?= Id: 32, Name: Editor 102, Roll No.: 102, Course: Bachelor Of Technology
2019-02-15 18:15:35 INFO  AppMain:21 - Student Details?= Id: 33, Name: Editor 103, Roll No.: 103, Course: Bachelor Of Technology
2019-02-15 18:15:35 INFO  AppMain:21 - Student Details?= Id: 34, Name: Editor 104, Roll No.: 104, Course: Bachelor Of Technology
2019-02-15 18:15:35 INFO  AppMain:21 - Student Details?= Id: 35, Name: Editor 105, Roll No.: 105, Course: Bachelor Of Technology
2019-02-15 18:15:35 INFO  AppMain:21 - Student Details?= Id: 36, Name: Editor 101, Roll No.: 101, Course: Bachelor Of Technology
2019-02-15 18:15:35 INFO  AppMain:21 - Student Details?= Id: 37, Name: Editor 102, Roll No.: 102, Course: Bachelor Of Technology
2019-02-15 18:15:35 INFO  AppMain:21 - Student Details?= Id: 38, Name: Editor 103, Roll No.: 103, Course: Bachelor Of Technology
2019-02-15 18:15:35 INFO  AppMain:21 - Student Details?= Id: 39, Name: Editor 104, Roll No.: 104, Course: Bachelor Of Technology
2019-02-15 18:15:35 INFO  AppMain:21 - Student Details?= Id: 40, Name: Editor 105, Roll No.: 105, Course: Bachelor Of Technology
2019-02-15 18:15:35 INFO  AppMain:25 - 
=======UPDATE RECORDS=======

2019-02-15 18:15:47 INFO  DbOperations:112 - 
Student With Id?= 21 Is Successfully Updated In The Database!

2019-02-15 18:15:47 INFO  AppMain:28 - 
=======READ RECORDS AFTER UPDATION=======

2019-02-15 18:15:47 INFO  AppMain:32 - Student Details?= Id: 21, Name: Java Code Geek, Roll No.: 101, Course: Masters Of Technology
2019-02-15 18:15:47 INFO  AppMain:32 - Student Details?= Id: 22, Name: Editor 102, Roll No.: 102, Course: Bachelor Of Technology
2019-02-15 18:15:47 INFO  AppMain:32 - Student Details?= Id: 23, Name: Editor 103, Roll No.: 103, Course: Bachelor Of Technology
2019-02-15 18:15:47 INFO  AppMain:32 - Student Details?= Id: 24, Name: Editor 104, Roll No.: 104, Course: Bachelor Of Technology
2019-02-15 18:15:47 INFO  AppMain:32 - Student Details?= Id: 25, Name: Editor 105, Roll No.: 105, Course: Bachelor Of Technology
2019-02-15 18:15:47 INFO  AppMain:32 - Student Details?= Id: 26, Name: Editor 101, Roll No.: 101, Course: Bachelor Of Technology
2019-02-15 18:15:47 INFO  AppMain:32 - Student Details?= Id: 27, Name: Editor 102, Roll No.: 102, Course: Bachelor Of Technology
2019-02-15 18:15:47 INFO  AppMain:32 - Student Details?= Id: 28, Name: Editor 103, Roll No.: 103, Course: Bachelor Of Technology
2019-02-15 18:15:47 INFO  AppMain:32 - Student Details?= Id: 29, Name: Editor 104, Roll No.: 104, Course: Bachelor Of Technology
2019-02-15 18:15:47 INFO  AppMain:32 - Student Details?= Id: 30, Name: Editor 105, Roll No.: 105, Course: Bachelor Of Technology
2019-02-15 18:15:47 INFO  AppMain:32 - Student Details?= Id: 31, Name: Editor 101, Roll No.: 101, Course: Bachelor Of Technology
2019-02-15 18:15:47 INFO  AppMain:32 - Student Details?= Id: 32, Name: Editor 102, Roll No.: 102, Course: Bachelor Of Technology
2019-02-15 18:15:47 INFO  AppMain:32 - Student Details?= Id: 33, Name: Editor 103, Roll No.: 103, Course: Bachelor Of Technology
2019-02-15 18:15:47 INFO  AppMain:32 - Student Details?= Id: 34, Name: Editor 104, Roll No.: 104, Course: Bachelor Of Technology
2019-02-15 18:15:47 INFO  AppMain:32 - Student Details?= Id: 35, Name: Editor 105, Roll No.: 105, Course: Bachelor Of Technology
2019-02-15 18:15:47 INFO  AppMain:32 - Student Details?= Id: 36, Name: Editor 101, Roll No.: 101, Course: Bachelor Of Technology
2019-02-15 18:15:47 INFO  AppMain:32 - Student Details?= Id: 37, Name: Editor 102, Roll No.: 102, Course: Bachelor Of Technology
2019-02-15 18:15:47 INFO  AppMain:32 - Student Details?= Id: 38, Name: Editor 103, Roll No.: 103, Course: Bachelor Of Technology
2019-02-15 18:15:47 INFO  AppMain:32 - Student Details?= Id: 39, Name: Editor 104, Roll No.: 104, Course: Bachelor Of Technology
2019-02-15 18:15:47 INFO  AppMain:32 - Student Details?= Id: 40, Name: Editor 105, Roll No.: 105, Course: Bachelor Of Technology
2019-02-15 18:15:47 INFO  AppMain:36 - 
=======DELETE RECORD=======

2019-02-15 18:15:47 INFO  AppMain:39 - 
=======READ RECORDS AFTER DELETION=======

2019-02-15 18:15:47 INFO  AppMain:42 - Student Details?= Id: 21, Name: Java Code Geek, Roll No.: 101, Course: Masters Of Technology
2019-02-15 18:15:47 INFO  AppMain:42 - Student Details?= Id: 22, Name: Editor 102, Roll No.: 102, Course: Bachelor Of Technology
2019-02-15 18:15:47 INFO  AppMain:42 - Student Details?= Id: 23, Name: Editor 103, Roll No.: 103, Course: Bachelor Of Technology
2019-02-15 18:15:47 INFO  AppMain:42 - Student Details?= Id: 24, Name: Editor 104, Roll No.: 104, Course: Bachelor Of Technology
2019-02-15 18:15:47 INFO  AppMain:42 - Student Details?= Id: 25, Name: Editor 105, Roll No.: 105, Course: Bachelor Of Technology
2019-02-15 18:15:47 INFO  AppMain:42 - Student Details?= Id: 26, Name: Editor 101, Roll No.: 101, Course: Bachelor Of Technology
2019-02-15 18:15:47 INFO  AppMain:42 - Student Details?= Id: 27, Name: Editor 102, Roll No.: 102, Course: Bachelor Of Technology
2019-02-15 18:15:47 INFO  AppMain:42 - Student Details?= Id: 28, Name: Editor 103, Roll No.: 103, Course: Bachelor Of Technology
2019-02-15 18:15:47 INFO  AppMain:42 - Student Details?= Id: 29, Name: Editor 104, Roll No.: 104, Course: Bachelor Of Technology
2019-02-15 18:15:47 INFO  AppMain:42 - Student Details?= Id: 30, Name: Editor 105, Roll No.: 105, Course: Bachelor Of Technology
2019-02-15 18:15:47 INFO  AppMain:42 - Student Details?= Id: 31, Name: Editor 101, Roll No.: 101, Course: Bachelor Of Technology
2019-02-15 18:15:47 INFO  AppMain:42 - Student Details?= Id: 32, Name: Editor 102, Roll No.: 102, Course: Bachelor Of Technology
2019-02-15 18:15:47 INFO  AppMain:42 - Student Details?= Id: 33, Name: Editor 103, Roll No.: 103, Course: Bachelor Of Technology
2019-02-15 18:15:47 INFO  AppMain:42 - Student Details?= Id: 34, Name: Editor 104, Roll No.: 104, Course: Bachelor Of Technology
2019-02-15 18:15:47 INFO  AppMain:42 - Student Details?= Id: 35, Name: Editor 105, Roll No.: 105, Course: Bachelor Of Technology
2019-02-15 18:15:47 INFO  AppMain:42 - Student Details?= Id: 36, Name: Editor 101, Roll No.: 101, Course: Bachelor Of Technology
2019-02-15 18:15:47 INFO  AppMain:42 - Student Details?= Id: 37, Name: Editor 102, Roll No.: 102, Course: Bachelor Of Technology
2019-02-15 18:15:47 INFO  AppMain:42 - Student Details?= Id: 38, Name: Editor 103, Roll No.: 103, Course: Bachelor Of Technology
2019-02-15 18:15:47 INFO  AppMain:42 - Student Details?= Id: 39, Name: Editor 104, Roll No.: 104, Course: Bachelor Of Technology
2019-02-15 18:15:47 INFO  AppMain:42 - Student Details?= Id: 40, Name: Editor 105, Roll No.: 105, Course: Bachelor Of Technology
2019-02-15 18:15:47 INFO  AppMain:45 - 
=======DELETE ALL RECORDS=======

2019-02-15 18:15:47 INFO  AppMain:47 - 
=======READ RECORDS AFTER ALL RECORDS DELETION=======
2019-02-20 18:56:06 INFO  AppMain:12 - .......Hibernate Crud Operations Example.......

2019-02-20 18:56:06 INFO  AppMain:14 - 
   CREATE RECORDS    

2019-02-20 18:56:08 INFO  DbOperations:49 - 
Successfully Created '5' Records In The Database!

2019-02-20 18:56:08 INFO  AppMain:17 - 
    READ RECORDS       

2019-02-20 18:56:08 INFO  AppMain:21 - Student Details?= Id: 21, Name: Java Code Geek, Roll No.: 101, Course: Masters Of Technology
2019-02-20 18:56:08 INFO  AppMain:21 - Student Details?= Id: 22, Name: Editor 102, Roll No.: 102, Course: Bachelor Of Technology
2019-02-20 18:56:08 INFO  AppMain:21 - Student Details?= Id: 23, Name: Editor 103, Roll No.: 103, Course: Bachelor Of Technology
2019-02-20 18:56:08 INFO  AppMain:21 - Student Details?= Id: 24, Name: Editor 104, Roll No.: 104, Course: Bachelor Of Technology
2019-02-20 18:56:08 INFO  AppMain:21 - Student Details?= Id: 25, Name: Editor 105, Roll No.: 105, Course: Bachelor Of Technology
2019-02-20 18:56:08 INFO  AppMain:21 - Student Details?= Id: 26, Name: Editor 101, Roll No.: 101, Course: Bachelor Of Technology
2019-02-20 18:56:08 INFO  AppMain:21 - Student Details?= Id: 27, Name: Editor 102, Roll No.: 102, Course: Bachelor Of Technology
2019-02-20 18:56:08 INFO  AppMain:21 - Student Details?= Id: 28, Name: Editor 103, Roll No.: 103, Course: Bachelor Of Technology
2019-02-20 18:56:08 INFO  AppMain:21 - Student Details?= Id: 29, Name: Editor 104, Roll No.: 104, Course: Bachelor Of Technology
2019-02-20 18:56:08 INFO  AppMain:21 - Student Details?= Id: 30, Name: Editor 105, Roll No.: 105, Course: Bachelor Of Technology
2019-02-20 18:56:08 INFO  AppMain:21 - Student Details?= Id: 31, Name: Editor 101, Roll No.: 101, Course: Bachelor Of Technology
2019-02-20 18:56:08 INFO  AppMain:21 - Student Details?= Id: 32, Name: Editor 102, Roll No.: 102, Course: Bachelor Of Technology
2019-02-20 18:56:08 INFO  AppMain:21 - Student Details?= Id: 33, Name: Editor 103, Roll No.: 103, Course: Bachelor Of Technology
2019-02-20 18:56:08 INFO  AppMain:21 - Student Details?= Id: 34, Name: Editor 104, Roll No.: 104, Course: Bachelor Of Technology
2019-02-20 18:56:08 INFO  AppMain:21 - Student Details?= Id: 35, Name: Editor 105, Roll No.: 105, Course: Bachelor Of Technology
2019-02-20 18:56:08 INFO  AppMain:21 - Student Details?= Id: 36, Name: Editor 101, Roll No.: 101, Course: Bachelor Of Technology
2019-02-20 18:56:08 INFO  AppMain:21 - Student Details?= Id: 37, Name: Editor 102, Roll No.: 102, Course: Bachelor Of Technology
2019-02-20 18:56:08 INFO  AppMain:21 - Student Details?= Id: 38, Name: Editor 103, Roll No.: 103, Course: Bachelor Of Technology
2019-02-20 18:56:08 INFO  AppMain:21 - Student Details?= Id: 39, Name: Editor 104, Roll No.: 104, Course: Bachelor Of Technology
2019-02-20 18:56:08 INFO  AppMain:21 - Student Details?= Id: 40, Name: Editor 105, Roll No.: 105, Course: Bachelor Of Technology
2019-02-20 18:56:08 INFO  AppMain:21 - Student Details?= Id: 41, Name: Editor 101, Roll No.: 101, Course: Bachelor Of Technology
2019-02-20 18:56:08 INFO  AppMain:21 - Student Details?= Id: 42, Name: Editor 102, Roll No.: 102, Course: Bachelor Of Technology
2019-02-20 18:56:08 INFO  AppMain:21 - Student Details?= Id: 43, Name: Editor 103, Roll No.: 103, Course: Bachelor Of Technology
2019-02-20 18:56:08 INFO  AppMain:21 - Student Details?= Id: 44, Name: Editor 104, Roll No.: 104, Course: Bachelor Of Technology
2019-02-20 18:56:08 INFO  AppMain:21 - Student Details?= Id: 45, Name: Editor 105, Roll No.: 105, Course: Bachelor Of Technology
2019-02-20 18:56:08 INFO  AppMain:25 - 
      UPDATE RECORDS     

2019-02-20 18:56:08 INFO  DbOperations:96 - 
Student With Id?= 21 Is Successfully Updated In The Database!

2019-02-20 18:56:08 INFO  AppMain:28 - 
      READ RECORDS AFTER UPDATION      

2019-02-20 18:56:08 INFO  AppMain:32 - Student Details?= Id: 21, Name: sabareeshwar, Roll No.: 101, Course: Masters Of Technology
2019-02-20 18:56:08 INFO  AppMain:32 - Student Details?= Id: 22, Name: Editor 102, Roll No.: 102, Course: Bachelor Of Technology
2019-02-20 18:56:08 INFO  AppMain:32 - Student Details?= Id: 23, Name: Editor 103, Roll No.: 103, Course: Bachelor Of Technology
2019-02-20 18:56:08 INFO  AppMain:32 - Student Details?= Id: 24, Name: Editor 104, Roll No.: 104, Course: Bachelor Of Technology
2019-02-20 18:56:08 INFO  AppMain:32 - Student Details?= Id: 25, Name: Editor 105, Roll No.: 105, Course: Bachelor Of Technology
2019-02-20 18:56:08 INFO  AppMain:32 - Student Details?= Id: 26, Name: Editor 101, Roll No.: 101, Course: Bachelor Of Technology
2019-02-20 18:56:08 INFO  AppMain:32 - Student Details?= Id: 27, Name: Editor 102, Roll No.: 102, Course: Bachelor Of Technology
2019-02-20 18:56:08 INFO  AppMain:32 - Student Details?= Id: 28, Name: Editor 103, Roll No.: 103, Course: Bachelor Of Technology
2019-02-20 18:56:08 INFO  AppMain:32 - Student Details?= Id: 29, Name: Editor 104, Roll No.: 104, Course: Bachelor Of Technology
2019-02-20 18:56:08 INFO  AppMain:32 - Student Details?= Id: 30, Name: Editor 105, Roll No.: 105, Course: Bachelor Of Technology
2019-02-20 18:56:08 INFO  AppMain:32 - Student Details?= Id: 31, Name: Editor 101, Roll No.: 101, Course: Bachelor Of Technology
2019-02-20 18:56:08 INFO  AppMain:32 - Student Details?= Id: 32, Name: Editor 102, Roll No.: 102, Course: Bachelor Of Technology
2019-02-20 18:56:08 INFO  AppMain:32 - Student Details?= Id: 33, Name: Editor 103, Roll No.: 103, Course: Bachelor Of Technology
2019-02-20 18:56:08 INFO  AppMain:32 - Student Details?= Id: 34, Name: Editor 104, Roll No.: 104, Course: Bachelor Of Technology
2019-02-20 18:56:08 INFO  AppMain:32 - Student Details?= Id: 35, Name: Editor 105, Roll No.: 105, Course: Bachelor Of Technology
2019-02-20 18:56:08 INFO  AppMain:32 - Student Details?= Id: 36, Name: Editor 101, Roll No.: 101, Course: Bachelor Of Technology
2019-02-20 18:56:08 INFO  AppMain:32 - Student Details?= Id: 37, Name: Editor 102, Roll No.: 102, Course: Bachelor Of Technology
2019-02-20 18:56:08 INFO  AppMain:32 - Student Details?= Id: 38, Name: Editor 103, Roll No.: 103, Course: Bachelor Of Technology
2019-02-20 18:56:08 INFO  AppMain:32 - Student Details?= Id: 39, Name: Editor 104, Roll No.: 104, Course: Bachelor Of Technology
2019-02-20 18:56:08 INFO  AppMain:32 - Student Details?= Id: 40, Name: Editor 105, Roll No.: 105, Course: Bachelor Of Technology
2019-02-20 18:56:08 INFO  AppMain:32 - Student Details?= Id: 41, Name: Editor 101, Roll No.: 101, Course: Bachelor Of Technology
2019-02-20 18:56:08 INFO  AppMain:32 - Student Details?= Id: 42, Name: Editor 102, Roll No.: 102, Course: Bachelor Of Technology
2019-02-20 18:56:08 INFO  AppMain:32 - Student Details?= Id: 43, Name: Editor 103, Roll No.: 103, Course: Bachelor Of Technology
2019-02-20 18:56:08 INFO  AppMain:32 - Student Details?= Id: 44, Name: Editor 104, Roll No.: 104, Course: Bachelor Of Technology
2019-02-20 18:56:08 INFO  AppMain:32 - Student Details?= Id: 45, Name: Editor 105, Roll No.: 105, Course: Bachelor Of Technology
2019-02-20 18:56:08 INFO  AppMain:36 - 
     DELETE RECORD     

2019-02-20 18:56:08 INFO  AppMain:39 - 
     READ RECORDS AFTER DELETION   

2019-02-20 18:56:08 INFO  AppMain:42 - Student Details?= Id: 21, Name: sabareeshwar, Roll No.: 101, Course: Masters Of Technology
2019-02-20 18:56:08 INFO  AppMain:42 - Student Details?= Id: 22, Name: Editor 102, Roll No.: 102, Course: Bachelor Of Technology
2019-02-20 18:56:08 INFO  AppMain:42 - Student Details?= Id: 23, Name: Editor 103, Roll No.: 103, Course: Bachelor Of Technology
2019-02-20 18:56:08 INFO  AppMain:42 - Student Details?= Id: 24, Name: Editor 104, Roll No.: 104, Course: Bachelor Of Technology
2019-02-20 18:56:08 INFO  AppMain:42 - Student Details?= Id: 25, Name: Editor 105, Roll No.: 105, Course: Bachelor Of Technology
2019-02-20 18:56:08 INFO  AppMain:42 - Student Details?= Id: 26, Name: Editor 101, Roll No.: 101, Course: Bachelor Of Technology
2019-02-20 18:56:08 INFO  AppMain:42 - Student Details?= Id: 27, Name: Editor 102, Roll No.: 102, Course: Bachelor Of Technology
2019-02-20 18:56:08 INFO  AppMain:42 - Student Details?= Id: 28, Name: Editor 103, Roll No.: 103, Course: Bachelor Of Technology
2019-02-20 18:56:08 INFO  AppMain:42 - Student Details?= Id: 29, Name: Editor 104, Roll No.: 104, Course: Bachelor Of Technology
2019-02-20 18:56:08 INFO  AppMain:42 - Student Details?= Id: 30, Name: Editor 105, Roll No.: 105, Course: Bachelor Of Technology
2019-02-20 18:56:08 INFO  AppMain:42 - Student Details?= Id: 31, Name: Editor 101, Roll No.: 101, Course: Bachelor Of Technology
2019-02-20 18:56:08 INFO  AppMain:42 - Student Details?= Id: 32, Name: Editor 102, Roll No.: 102, Course: Bachelor Of Technology
2019-02-20 18:56:08 INFO  AppMain:42 - Student Details?= Id: 33, Name: Editor 103, Roll No.: 103, Course: Bachelor Of Technology
2019-02-20 18:56:08 INFO  AppMain:42 - Student Details?= Id: 34, Name: Editor 104, Roll No.: 104, Course: Bachelor Of Technology
2019-02-20 18:56:08 INFO  AppMain:42 - Student Details?= Id: 35, Name: Editor 105, Roll No.: 105, Course: Bachelor Of Technology
2019-02-20 18:56:08 INFO  AppMain:42 - Student Details?= Id: 36, Name: Editor 101, Roll No.: 101, Course: Bachelor Of Technology
2019-02-20 18:56:08 INFO  AppMain:42 - Student Details?= Id: 37, Name: Editor 102, Roll No.: 102, Course: Bachelor Of Technology
2019-02-20 18:56:08 INFO  AppMain:42 - Student Details?= Id: 38, Name: Editor 103, Roll No.: 103, Course: Bachelor Of Technology
2019-02-20 18:56:08 INFO  AppMain:42 - Student Details?= Id: 39, Name: Editor 104, Roll No.: 104, Course: Bachelor Of Technology
2019-02-20 18:56:08 INFO  AppMain:42 - Student Details?= Id: 40, Name: Editor 105, Roll No.: 105, Course: Bachelor Of Technology
2019-02-20 18:56:08 INFO  AppMain:42 - Student Details?= Id: 41, Name: Editor 101, Roll No.: 101, Course: Bachelor Of Technology
2019-02-20 18:56:08 INFO  AppMain:42 - Student Details?= Id: 42, Name: Editor 102, Roll No.: 102, Course: Bachelor Of Technology
2019-02-20 18:56:08 INFO  AppMain:42 - Student Details?= Id: 43, Name: Editor 103, Roll No.: 103, Course: Bachelor Of Technology
2019-02-20 18:56:08 INFO  AppMain:42 - Student Details?= Id: 44, Name: Editor 104, Roll No.: 104, Course: Bachelor Of Technology
2019-02-20 18:56:08 INFO  AppMain:42 - Student Details?= Id: 45, Name: Editor 105, Roll No.: 105, Course: Bachelor Of Technology
2019-02-20 18:56:08 INFO  AppMain:45 - 
      DELETE ALL RECORDS     

2019-02-20 18:56:08 INFO  DbOperations:159 - 
Successfully Deleted All Records From The Database Table!

2019-02-20 18:56:08 INFO  AppMain:47 - 
      READ RECORDS AFTER ALL RECORDS DELETION    
2019-02-20 18:56:08 INFO  AppMain:50 - 
 No Records Are Present In The Database Table! 

